Warning[205] C:\USERS\ROBER\MPLABXPROJECTS\SEMAFORO.X\SEMAFORO1.ASM 2 : Found directive in column 1. (__CONFIG)
Warning[203] C:\USERS\ROBER\MPLABXPROJECTS\SEMAFORO.X\SEMAFORO1.ASM 6 : Found opcode in column 1. (GOTO)
Warning[203] C:\USERS\ROBER\MPLABXPROJECTS\SEMAFORO.X\SEMAFORO1.ASM 17 : Found opcode in column 1. (MOVLW)
Warning[203] C:\USERS\ROBER\MPLABXPROJECTS\SEMAFORO.X\SEMAFORO1.ASM 18 : Found opcode in column 1. (MOVWF)
Warning[203] C:\USERS\ROBER\MPLABXPROJECTS\SEMAFORO.X\SEMAFORO1.ASM 19 : Found opcode in column 1. (BCF)
Warning[203] C:\USERS\ROBER\MPLABXPROJECTS\SEMAFORO.X\SEMAFORO1.ASM 20 : Found opcode in column 1. (BSF)
Warning[203] C:\USERS\ROBER\MPLABXPROJECTS\SEMAFORO.X\SEMAFORO1.ASM 21 : Found opcode in column 1. (MOVLW)
Warning[203] C:\USERS\ROBER\MPLABXPROJECTS\SEMAFORO.X\SEMAFORO1.ASM 22 : Found opcode in column 1. (MOVWF)
Message[302] C:\USERS\ROBER\MPLABXPROJECTS\SEMAFORO.X\SEMAFORO1.ASM 22 : Register in operand not in bank 0.  Ensure that bank bits are correct.
Warning[203] C:\USERS\ROBER\MPLABXPROJECTS\SEMAFORO.X\SEMAFORO1.ASM 23 : Found opcode in column 1. (BCF)
Warning[203] C:\USERS\ROBER\MPLABXPROJECTS\SEMAFORO.X\SEMAFORO1.ASM 26 : Found opcode in column 1. (CLRF)
Warning[207] C:\USERS\ROBER\MPLABXPROJECTS\SEMAFORO.X\SEMAFORO1.ASM 63 : Found label after column 1. (cinco)
Warning[207] C:\USERS\ROBER\MPLABXPROJECTS\SEMAFORO.X\SEMAFORO1.ASM 67 : Found label after column 1. (mloopl)
Warning[207] C:\USERS\ROBER\MPLABXPROJECTS\SEMAFORO.X\SEMAFORO1.ASM 73 : Found label after column 1. (iloopl)
Warning[207] C:\USERS\ROBER\MPLABXPROJECTS\SEMAFORO.X\SEMAFORO1.ASM 82 : Found label after column 1. (jloopl)
Warning[207] C:\USERS\ROBER\MPLABXPROJECTS\SEMAFORO.X\SEMAFORO1.ASM 87 : Found label after column 1. (kloopl)
Warning[207] C:\USERS\ROBER\MPLABXPROJECTS\SEMAFORO.X\SEMAFORO1.ASM 114 : Found label after column 1. (uno)
Warning[207] C:\USERS\ROBER\MPLABXPROJECTS\SEMAFORO.X\SEMAFORO1.ASM 118 : Found label after column 1. (mloop)
Warning[207] C:\USERS\ROBER\MPLABXPROJECTS\SEMAFORO.X\SEMAFORO1.ASM 124 : Found label after column 1. (iloop)
Warning[207] C:\USERS\ROBER\MPLABXPROJECTS\SEMAFORO.X\SEMAFORO1.ASM 132 : Found label after column 1. (jloop)
Warning[207] C:\USERS\ROBER\MPLABXPROJECTS\SEMAFORO.X\SEMAFORO1.ASM 137 : Found label after column 1. (kloop)
Warning[205] C:\USERS\ROBER\MPLABXPROJECTS\SEMAFORO.X\SEMAFORO1.ASM 147 : Found directive in column 1. (END)
