MPASM 5.87                     SEMAFORO1.ASM   9-26-2021  15:54:45         PAGE  1


LOC  OBJECT CODE     LINE SOURCE TEXT
  VALUE

                      00001 #include "p16F628a.inc" ;incluir librerias relacionadas con el dispositivo
                      00001         LIST
                      00002 
                      00003 ;==========================================================================
                      00004 ; Build date : Jan 06 2020
                      00005 ;  MPASM PIC16F628A processor include
                      00006 ; 
                      00007 ;  (c) Copyright 1999-2020 Microchip Technology, All rights reserved
                      00008 ;==========================================================================
                      00009 
                      00386         LIST
Warning[205]: Found directive in column 1. (__CONFIG)
2007   3F19           00002 __CONFIG _FOSC_INTOSCCLK & _WDTE_OFF & _PWRTE_OFF & _MCLRE_OFF & _BOREN_OFF & _LVP_OFF & _CPD_OFF & _CP_
                            OFF
                      00003 ;configuración del dispositivotodo en OFF y la frecuencia de oscilador
                      00004 ;es la del "reloj del oscilador interno" (INTOSCCLK)
                      00005 RES_VECT CODE 0x0000 ; processor reset vector
Warning[203]: Found opcode in column 1. (GOTO)
0000   2???           00006 GOTO START ; go to beginning of program
                      00007 ; TODO ADD INTERRUPTS HERE IF USED
                      00008 MAIN_PROG CODE ; let linker place main program
                      00009 ;variables para el contador:
  00000030            00010 i equ 0x30
  00000031            00011 j equ 0x31
  00000032            00012 k equ 0x32
  00000033            00013 m equ 0x33
                      00014 ;inicio del programa:
                      00015  
0000                  00016 START
Warning[203]: Found opcode in column 1. (MOVLW)
0000   3007           00017 MOVLW 0x07 ;Apagar comparadores
Warning[203]: Found opcode in column 1. (MOVWF)
0001   009F           00018 MOVWF CMCON
Warning[203]: Found opcode in column 1. (BCF)
0002   1303           00019 BCF STATUS, RP1 ;Cambiar al banco 1
Warning[203]: Found opcode in column 1. (BSF)
0003   1683           00020 BSF STATUS, RP0
Warning[203]: Found opcode in column 1. (MOVLW)
0004   3000           00021 MOVLW b'00000000' ;Establecer puerto B como salida (los 8 bits del puerto)
Warning[203]: Found opcode in column 1. (MOVWF)
Message[302]: Register in operand not in bank 0.  Ensure that bank bits are correct.
0005   0086           00022 MOVWF TRISB
Warning[203]: Found opcode in column 1. (BCF)
0006   1283           00023 BCF STATUS, RP0 ;Regresar al banco 0
                      00024 ;NOP ; NO AFECTA
                      00025  
Warning[203]: Found opcode in column 1. (CLRF)
0007   0186           00026 CLRF PORTB
0008                  00027 inicio:
0008   3021           00028     MOVLW b'00100001'
0009   0086           00029     MOVWF PORTB
000A   2???           00030     call cincosegundos  
000B   3022           00031     MOVLW b'00100010'
MPASM 5.87                     SEMAFORO1.ASM   9-26-2021  15:54:45         PAGE  2


LOC  OBJECT CODE     LINE SOURCE TEXT
  VALUE

000C   0086           00032     MOVWF PORTB
000D   2???           00033     call unsegundo   
000E   0000           00034         nop ;EN 1 SEGUNDO, PRIMERA CORRIDA +1
000F   0000           00035         nop ;EN 1 SEGUNDO, PRIMERA CORRIDA +1
0010   300C           00036     MOVLW b'00001100'
0011   0086           00037     MOVWF PORTB
0012   2???           00038     call cincosegundos 
                      00039         ;nop ;;EN 5 SEGUNDOs, SEGUNDA CORRIDA +1
                      00040         ;nop ;;EN 5 SEGUNDOs, SEGUNDA CORRIDA +1
0013   3014           00041     MOVLW b'00010100'
0014   0086           00042     MOVWF PORTB
0015   2???           00043     call unsegundo   
0016   2???           00044     GOTO inicio
                      00045     
0017                  00046 cincosegundos:
                      00047     ;bcf PORTB,0 ;poner el puerto B0 (bit 0 del puerto B) en 0
0017   0000           00048         nop ;EN 5 SEGUNDOS, EN CORRIDA 1 Y 2, +1
0018   0000           00049         nop 
0019   0000           00050         nop
001A   0000           00051         nop
001B   0000           00052         nop
001C   0000           00053         nop
001D   0000           00054         nop
001E   0000           00055         nop
001F   2???           00056     call cinco ;llamar a la rutina de tiempo
                      00057     ;nop ;NOPs de relleno (ajuste de tiempo)
                      00058     ;nop ;EN 5 SEGUNDOS, EN CORRIDA 1 Y 2, +1
                      00059 
                      00060      ;bsf PORTB,0 ;poner el puerto B0 (bit 0 del puerto B) en 1
                      00061     ;nop ;NOPs de relleno (ajuste de tiempo)
                      00062 
Warning[207]: Found label after column 1. (cinco)
0020                  00063     cinco:
0020   302E           00064     movlw d'46' ;establecer valor de la variable k 
                      00065         ; -1 = 6
0021   00B3           00066     movwf m
Warning[207]: Found label after column 1. (mloopl)
0022                  00067     mloopl:
0022   0BB3           00068     decfsz m,f
0023   2???           00069     goto mloopl
                      00070 
0024   3065           00071     movlw d'101' ;establecer valor de la variable i
0025   00B0           00072     movwf i
Warning[207]: Found label after column 1. (iloopl)
0026                  00073     iloopl:
0026   0000           00074     nop ;NOPs de relleno (ajuste de tiempo)
0027   0000           00075     nop
0028   0000           00076     nop
0029   0000           00077     nop
002A   0000           00078     nop ;EN 5 SEGUNDOS, EN CORRIDA 1 Y 2, +202
                      00079 
002B   3059           00080     movlw d'89' ;establecer valor de la variable j 
002C   00B1           00081     movwf j
MPASM 5.87                     SEMAFORO1.ASM   9-26-2021  15:54:45         PAGE  3


LOC  OBJECT CODE     LINE SOURCE TEXT
  VALUE

Warning[207]: Found label after column 1. (jloopl)
002D                  00082     jloopl:
002D   0000           00083     nop ;NOPs de relleno (ajuste de tiempo)      ;NOP A EVALUAR EN 5 SEGUNDOS, EN CORRIDA 1 Y 2, +17978
                      00084 
002E   305B           00085     movlw d'91' ;establecer valor de la variable k 
002F   00B2           00086     movwf k
Warning[207]: Found label after column 1. (kloopl)
0030                  00087     kloopl:
0030   0BB2           00088     decfsz k,f
0031   2???           00089     goto kloopl
0032   0BB1           00090     decfsz j,f
0033   2???           00091     goto jloopl
0034   0BB0           00092     decfsz i,f
0035   2???           00093     goto iloopl
                      00094 
0036   0008           00095     return ;salir de la rutina de tiempo y regresar al
                      00096     ;valor de contador de programa
                      00097  
0037                  00098 unsegundo:
                      00099     ;bcf PORTB,0 ;poner el puerto B0 (bit 0 del puerto B) en 0
                      00100 
0037   0000           00101         nop;EN 1 SEGUNDO, EN CORRIDA 1 Y 2, +1
0038   0000           00102         nop
0039   0000           00103         nop
003A   0000           00104         nop
003B   0000           00105         nop
003C   0000           00106         nop 
                      00107 
003D   2???           00108     call uno ;llamar a la rutina de tiempo
                      00109     ;  nop ;EN 1 SEGUNDO, EN CORRIDA 1 Y 2, +1
                      00110 
                      00111      ;bsf PORTB,0 ;poner el puerto B0 (bit 0 del puerto B) en 1
                      00112     ;nop ;NOPs de relleno (ajuste de tiempo)
                      00113 
Warning[207]: Found label after column 1. (uno)
003E                  00114     uno:
003E   3013           00115     movlw d'19' ;establecer valor de la variable k 
                      00116         ; +1 = 6
003F   00B3           00117     movwf m
Warning[207]: Found label after column 1. (mloop)
0040                  00118     mloop:
0040   0BB3           00119     decfsz m,f
0041   2???           00120     goto mloop
                      00121 
0042   306C           00122      movlw d'108' ;establecer valor de la variable i
0043   00B0           00123     movwf i
Warning[207]: Found label after column 1. (iloop)
0044                  00124     iloop:
0044   0000           00125     nop ;NOPs de relleno (ajuste de tiempo)
0045   0000           00126     nop
0046   0000           00127     nop
0047   0000           00128     nop
0048   0000           00129     nop ;EN 1 SEGUNDO, EN CORRIDA 1 Y 2, +216
MPASM 5.87                     SEMAFORO1.ASM   9-26-2021  15:54:45         PAGE  4


LOC  OBJECT CODE     LINE SOURCE TEXT
  VALUE

0049   303C           00130     movlw d'60' ;establecer valor de la variable j ;60
004A   00B1           00131     movwf j
Warning[207]: Found label after column 1. (jloop)
004B                  00132     jloop:
004B   0000           00133     nop ;NOPs de relleno (ajuste de tiempo)  ;EN 1 SEGUNDO, EN CORRIDA 1 Y 2, +12960
                      00134 
004C   3018           00135     movlw d'24' ;establecer valor de la variable k 
004D   00B2           00136     movwf k
Warning[207]: Found label after column 1. (kloop)
004E                  00137     kloop:
004E   0BB2           00138     decfsz k,f
004F   2???           00139     goto kloop
0050   0BB1           00140     decfsz j,f
0051   2???           00141     goto jloop
0052   0BB0           00142     decfsz i,f
0053   2???           00143     goto iloop
                      00144 
0054   0008           00145     return ;salir de la rutina de tiempo y regresar al
                      00146     ;valor de contador de programa
Warning[205]: Found directive in column 1. (END)
3F19                  00147 END
MPASM 5.87                     SEMAFORO1.ASM   9-26-2021  15:54:45         PAGE  5


SYMBOL TABLE
  LABEL                             VALUE 

ADDEN                             00000003
ADEN                              00000003
BRGH                              00000002
C                                 00000000
C1INV                             00000004
C1OUT                             00000006
C2INV                             00000005
C2OUT                             00000007
CCP1CON                           00000017
CCP1IE                            00000002
CCP1IF                            00000002
CCP1M0                            00000000
CCP1M1                            00000001
CCP1M2                            00000002
CCP1M3                            00000003
CCP1X                             00000005
CCP1Y                             00000004
CCPR1                             00000015
CCPR1H                            00000016
CCPR1L                            00000015
CIS                               00000003
CM0                               00000000
CM1                               00000001
CM2                               00000002
CMCON                             0000001F
CMIE                              00000006
CMIF                              00000006
CREN                              00000004
CSRC                              00000007
DATA_CP_OFF                       00003FFF
DATA_CP_ON                        00003EFF
DC                                00000001
EEADR                             0000009B
EECON1                            0000009C
EECON2                            0000009D
EEDATA                            0000009A
EEIE                              00000007
EEIF                              00000007
F                                 00000001
FERR                              00000002
FSR                               00000004
GIE                               00000007
INDF                              00000000
INTCON                            0000000B
INTE                              00000004
INTEDG                            00000006
INTF                              00000001
IRP                               00000007
NOT_BO                            00000000
NOT_BOD                           00000000
NOT_BOR                           00000000
NOT_PD                            00000003
NOT_POR                           00000001
MPASM 5.87                     SEMAFORO1.ASM   9-26-2021  15:54:45         PAGE  6


SYMBOL TABLE
  LABEL                             VALUE 

NOT_RBPU                          00000007
NOT_T1SYNC                        00000002
NOT_TO                            00000004
OERR                              00000001
OPTION_REG                        00000081
OSCF                              00000003
PCL                               00000002
PCLATH                            0000000A
PCON                              0000008E
PEIE                              00000006
PIE1                              0000008C
PIR1                              0000000C
PORTA                             00000005
PORTB                             00000006
PR2                               00000092
PS0                               00000000
PS1                               00000001
PS2                               00000002
PSA                               00000003
RA0                               00000000
RA1                               00000001
RA2                               00000002
RA3                               00000003
RA4                               00000004
RA5                               00000005
RA6                               00000006
RA7                               00000007
RB0                               00000000
RB1                               00000001
RB2                               00000002
RB3                               00000003
RB4                               00000004
RB5                               00000005
RB6                               00000006
RB7                               00000007
RBIE                              00000003
RBIF                              00000000
RCIE                              00000005
RCIF                              00000005
RCREG                             0000001A
RCSTA                             00000018
RD                                00000000
RP0                               00000005
RP1                               00000006
RX9                               00000006
RX9D                              00000000
SPBRG                             00000099
SPEN                              00000007
SREN                              00000005
START                             00000000
STATUS                            00000003
SYNC                              00000004
T0CS                              00000005
MPASM 5.87                     SEMAFORO1.ASM   9-26-2021  15:54:45         PAGE  7


SYMBOL TABLE
  LABEL                             VALUE 

T0IE                              00000005
T0IF                              00000002
T0SE                              00000004
T1CKPS0                           00000004
T1CKPS1                           00000005
T1CON                             00000010
T1OSCEN                           00000003
T2CKPS0                           00000000
T2CKPS1                           00000001
T2CON                             00000012
TMR0                              00000001
TMR0IE                            00000005
TMR0IF                            00000002
TMR1                              0000000E
TMR1CS                            00000001
TMR1H                             0000000F
TMR1IE                            00000000
TMR1IF                            00000000
TMR1L                             0000000E
TMR1ON                            00000000
TMR2                              00000011
TMR2IE                            00000001
TMR2IF                            00000001
TMR2ON                            00000002
TOUTPS0                           00000003
TOUTPS1                           00000004
TOUTPS2                           00000005
TOUTPS3                           00000006
TRISA                             00000085
TRISA0                            00000000
TRISA1                            00000001
TRISA2                            00000002
TRISA3                            00000003
TRISA4                            00000004
TRISA5                            00000005
TRISA6                            00000006
TRISA7                            00000007
TRISB                             00000086
TRISB0                            00000000
TRISB1                            00000001
TRISB2                            00000002
TRISB3                            00000003
TRISB4                            00000004
TRISB5                            00000005
TRISB6                            00000006
TRISB7                            00000007
TRMT                              00000001
TX9                               00000006
TX9D                              00000000
TXEN                              00000005
TXIE                              00000004
TXIF                              00000004
TXREG                             00000019
MPASM 5.87                     SEMAFORO1.ASM   9-26-2021  15:54:45         PAGE  8


SYMBOL TABLE
  LABEL                             VALUE 

TXSTA                             00000098
VR0                               00000000
VR1                               00000001
VR2                               00000002
VR3                               00000003
VRCON                             0000009F
VREN                              00000007
VROE                              00000006
VRR                               00000005
W                                 00000000
WR                                00000001
WREN                              00000002
WRERR                             00000003
Z                                 00000002
_BODEN_OFF                        00003FBF
_BODEN_ON                         00003FFF
_BOREN_OFF                        00003FBF
_BOREN_ON                         00003FFF
_CONFIG                           00002007
_CPD_OFF                          00003FFF
_CPD_ON                           00003EFF
_CP_OFF                           00003FFF
_CP_ON                            00001FFF
_DEVID1                           00002006
_ER_OSC_CLKOUT                    00003FFF
_ER_OSC_NOCLKOUT                  00003FFE
_EXTCLK_OSC                       00003FEF
_FOSC_ECIO                        00003FEF
_FOSC_EXTRCCLK                    00003FFF
_FOSC_EXTRCIO                     00003FFE
_FOSC_HS                          00003FEE
_FOSC_INTOSCCLK                   00003FFD
_FOSC_INTOSCIO                    00003FFC
_FOSC_LP                          00003FEC
_FOSC_XT                          00003FED
_HS_OSC                           00003FEE
_IDLOC0                           00002000
_IDLOC1                           00002001
_IDLOC2                           00002002
_IDLOC3                           00002003
_INTOSC_OSC_CLKOUT                00003FFD
_INTOSC_OSC_NOCLKOUT              00003FFC
_INTRC_OSC_CLKOUT                 00003FFD
_INTRC_OSC_NOCLKOUT               00003FFC
_LP_OSC                           00003FEC
_LVP_OFF                          00003F7F
_LVP_ON                           00003FFF
_MCLRE_OFF                        00003FDF
_MCLRE_ON                         00003FFF
_PWRTE_OFF                        00003FFF
_PWRTE_ON                         00003FF7
_RC_OSC_CLKOUT                    00003FFF
_RC_OSC_NOCLKOUT                  00003FFE
MPASM 5.87                     SEMAFORO1.ASM   9-26-2021  15:54:45         PAGE  9


SYMBOL TABLE
  LABEL                             VALUE 

_WDTE_OFF                         00003FFB
_WDTE_ON                          00003FFF
_WDT_OFF                          00003FFB
_WDT_ON                           00003FFF
_XT_OSC                           00003FED
__16F628A                         00000001
cinco                             00000020
cincosegundos                     00000017
i                                 00000030
iloop                             00000044
iloopl                            00000026
inicio                            00000008
j                                 00000031
jloop                             0000004B
jloopl                            0000002D
k                                 00000032
kloop                             0000004E
kloopl                            00000030
m                                 00000033
mloop                             00000040
mloopl                            00000022
uno                               0000003E
unsegundo                         00000037

Errors   :     0
Warnings :    21 reported,     0 suppressed
Messages :     1 reported,     0 suppressed

